<?xml version="1.0" encoding="UTF-8"?>
<testsuite name="DealerTest" tests="4" skipped="0" failures="0" errors="0" timestamp="2023-12-09T21:21:50" hostname="Tracys-MacBook-Pro.local" time="0.26">
  <properties/>
  <testcase name="testExceptionFile()" classname="DealerTest" time="0.215"/>
  <testcase name="testExceptionJson()" classname="DealerTest" time="0.007"/>
  <testcase name="testStartFile()" classname="DealerTest" time="0.035"/>
  <testcase name="testStartString()" classname="DealerTest" time="0.001"/>
  <system-out><![CDATA[A
A
]]></system-out>
  <system-err><![CDATA[]]></system-err>
</testsuite>
