<?xml version="1.0" encoding="UTF-8"?>
<testsuite name="ScheduleTest" tests="1" skipped="0" failures="0" errors="0" timestamp="2023-12-09T21:21:50" hostname="Tracys-MacBook-Pro.local" time="7.006">
  <properties/>
  <testcase name="testOutput()" classname="ScheduleTest" time="7.006"/>
  <system-out><![CDATA[]]></system-out>
  <system-err><![CDATA[]]></system-err>
</testsuite>
